[dotenv@17.2.3] injecting env (8) from .env -- tip: ⚙️  specify custom .env file path with { path: '/custom/path/.env' }
[dotenv@17.2.3] injecting env (0) from .env -- tip: 🔐 prevent building .env in docker: https://dotenvx.com/prebuild
[SYSTEM] Server running on port 3001
[SYSTEM] Environment: undefined
[DB] Database connected and synced
[DB] Default Admin User Created: admin@admin.com / admin
[GLOBAL REQUEST] GET /api/health
[GLOBAL REQUEST] GET /api/clients
[GLOBAL REQUEST] POST /api/clients/bulk-import
[GLOBAL REQUEST] GET /api/clients
[GLOBAL REQUEST] GET /api/clients/28990b55-feb1-4dfb-a1de-5d5ab08ed1aa/categories
[GLOBAL REQUEST] GET /api/clients/28990b55-feb1-4dfb-a1de-5d5ab08ed1aa/categories
[GLOBAL REQUEST] POST /api/clients/28990b55-feb1-4dfb-a1de-5d5ab08ed1aa/categories/sync
[GLOBAL REQUEST] GET /api/clients/28990b55-feb1-4dfb-a1de-5d5ab08ed1aa/categories
[GLOBAL REQUEST] GET /api/clients/28990b55-feb1-4dfb-a1de-5d5ab08ed1aa/categories
[GLOBAL REQUEST] GET /api/clients/28990b55-feb1-4dfb-a1de-5d5ab08ed1aa/categories
[GLOBAL REQUEST] PUT /api/categories/056352bb-448e-46a1-aa31-0710b0521920
[GLOBAL REQUEST] PUT /api/categories/056352bb-448e-46a1-aa31-0710b0521920
[GLOBAL REQUEST] GET /api/products/categories
[GLOBAL REQUEST] GET /api/products/categories
[GLOBAL REQUEST] GET /api/clients
[GLOBAL REQUEST] GET /api/clients/28990b55-feb1-4dfb-a1de-5d5ab08ed1aa/categories
